2024-12-12 13:30:27,974 INFO: ---------------- Logger started ----------------
2024-12-12 13:30:27,975 INFO: Try to connect to database: /home/clahad/Desktop/school/trending-movies/databases/stream.db
2024-12-12 13:30:27,978 INFO: Connected to the database successfully
2024-12-12 13:30:27,980 INFO: Table reddit_posts has 72 rows
2024-12-12 13:30:28,037 INFO: 397 phrases are defined for tracking tweets
2024-12-12 13:30:28,037 INFO: Track phrases for tweets:
2024-12-12 13:30:28,037 INFO: ['venomthelastdance', 'moana2', 'elevation', 'absolution', 'armor', 'watchmenchapterii', 'sidelinedtheqbandme', 'miraculousworldlondonattheedgeoftime', 'gladiatorii', 'thewildrobot', 'wicked', 'redone', 'kraventhehunter', 'thesubstance', 'smile2', 'terrifier3', 'alienromulus', 'apocalypsezthebeginningoftheend', 'deadpoolwolverine', 'sikandarkamuqaddar', 'sololevelingreawakening', 'thatchristmas', 'levels', 'insideout2', 'transformersone', 'gtmax', 'despicableme4', 'pimpinerobloodandoil', 'arenawars', 'huntingwithtigers', 'mufasathelionking', 'classified', 'spellbound', 'myfault', 'dearsanta', 'juror2', 'arcadian', 'survive', 'wakeup', 'weekendintaipei', 'moana', 'azrael', 'weliveintime', 'venom', 'pdemeloquequieras', 'venomlettherebecarnage', 'subservience', 'thecountofmontecristo', 'dominique', 'japanesemom', 'remnant', 'overlordthesacredkingdom', 'badboysrideordie', 'howthegrinchstolechristmas', 'thecrow', 'cashout', 'sonicthehedgehog3', 'flow', 'thegrinch', 'thesouleater', 'homealone2lostinnewyork', 'togefilmmeimei', 'thelordoftheringsthewaroftherohirrim', 'skinlikesun', 'themoor', 'culpatuya', 'knoxgoesaway', 'whisperofthewitch', 'pushpa2therule', 'avengersinfinitywar', 'shrek', 'thehauntingoftheimmaculatenurse', 'heretic', 'bagman', 'theplatform2', 'mygrandfathersdemons', 'kingdomoftheplanetoftheapes', 'jokerfoliedeux', 'analmostchristmasstory', 'beetlejuicebeetlejuice', 'kungfupanda4', 'furiosaamadmaxsaga', 'singthriller', 'spidermanacrossthespiderverse', 'interstellar', 'harrypotterandthephilosophersstone', 'ourlittlesecret', 'thegarfieldmovie', 'battleforthewesternfront', 'shrek2', 'freedom', 'duneparttwo', 'canaryblack', 'fastx', 'itendswithus', 'lastas', 'gladiator', 'pleasure', 'transformersriseofthebeasts', 'borderlands', 'transmorphersmechbeasts', 'terrifier2', 'emiliaprez', 'nutcrackers', 'dontmove', '365daysthisday', 'conclave', 'spidermannowayhome', 'twisters', 'theflesh', 'myheroacademiayourenext', 'godzillaxkongthenewempire', 'mary', 'migration', 'donotenter', 'spongebobsquarepantskreepawaykamp', 'jackintimeforchristmas', 'projectsilence', 'barbie', 'fiftyshadesofgrey', 'coco', 'theshadowstrays', 'christmasiscancelled', 'thegodfather', 'wonka', 'takecover', 'anonsensechristmaswithsabrinacarpenter', 'johnwickchapter4', 'bluelockthemovieepisodenagi', 'thebadguyshauntedheist', 'leclitoris', 'pussinbootsthelastwish', 'monstersummer', 'thechroniclesofnarniathelionthewitchandthewardrobe', 'paprika', 'thesnowsister', 'harrypotterandthechamberofsecrets', 'elyas', 'hijack1971', 'brothers', 'prey', 'casinoroyale', 'femaleteacherinfrontofthestudents', 'operationblackops', 'apartment7a', 'sonicthehedgehog2', 'neverletgo', 'myoldass', 'thesilenthour', 'aquietplacedayone', '1978', 'harrypotterandtheprisonerofazkaban', 'anora', 'titanic', 'speaknoevil', 'harrypotterandthedeathlyhallowspart2', 'roadhouse', 'oppenheimer', 'thesupermariobrosmovie', 'topgunmaverick', 'dune', 'harrypotterandthegobletoffire', 'theshawshankredemption', 'civilwar', 'dragonkeeper', 'thebeekeeper', 'theministryofungentlemanlywarfare', 'thedarkknight', 'pulpfiction', 'miraculousworldparistalesofshadybugandclawnoir', 'biggestheistever', 'thelordoftheringsthefellowshipofthering', 'se7en', 'savingbikinibottomthesandycheeksmovie', 'thehobbitthebattleofthefivearmies', 'amityvillewheretheecholives', 'fmarrykill', 'harrypotterandthedeathlyhallowspart1', 'theconvert', 'theequalizer', 'winniethepoohbloodandhoney2', 'twilightofthewarriorswalledin', 'wrathofman', 'here', 'porno', 'encanto', 'purposeoftutoring', 'lastnightatterracelanes', 'younghearts', 'descendantstheriseofred', 'alien', 'belowhermouth', 'thekillersgame', 'thehangover', 'krampus', 'longlegs', 'kalikot', 'hellboythecrookedman', 'timecut', 'diabolikwhoareyou', 'thecantervilleghost', 'howtotrainyourdragon2', '10lives', 'thelionking', 'megalopolis', 'smile', 'themazerunner', 'godzillaminusone', 'missionimpossibledeadreckoningpartone', 'thegigolo', 'fury', 'harrypotterandthehalfbloodprince', 'thelionking', 'djangounchained', 'insideout', 'avatarthewayofwater', 'thenext365days', 'harrypotterandtheorderofthephoenix', 'shangchiandthelegendofthetenrings', 'campcrasher', 'strangedarling', 'joker', 'cheeky', 'inception', 'thelordoftheringsthereturnoftheking', 'madameweb', 'frozen', 'killemall2', 'monstersinc', 'gunner', 'moana', 'theideaofyou', 'pacificrim', 'thepolarexpress', 'howtotrainyourdragonthehiddenworld', 'madagascar', 'thebatman', 'moana', 'salome', 'rebelridge', 'letgo', 'wantedman', 'thenightmarebeforechristmas', 'doubleblind', 'fightclub', 'smugglers', 'bangkokbreakingheavenandhell', 'luck', 'spiderman', 'piratesofthecaribbeanthecurseoftheblackpearl', 'avatar', 'bighero6', 'theequalizer3', 'fiftyshadesfreed', 'bosomymom', 'brooklyn45', 'terrifier', 'howtotrainyourdragon', 'redeeminglove', 'benhur', 'despicableme', 'umamusumeprettyderbybeginningofanewera', 'thenurseonamilitarytour', 'meg2thetrench', 'emmanuelle', 'ultramanrising', 'lookback', 'toystory', 'oddity', 'challengers', 'thetomorrowwar', 'meetmenextchristmas', 'theflash', 'expend4bles', 'wolfs', 'taken2', 'bladerunner2049', 'thecreator', 'elemental', 'avengersendgame', 'theavengers', 'houndsofwar', 'carryon', 'bagoflies', 'deadpool', 'yourname', 'christmasonwindmillway', 'mononokethemoviethephantomintherain', 'uprising', 'aquamanandthelostkingdom', 'thechildrenstrain', 'dakaichiimbeingharassedbythesexiestmanoftheyearthemovieinspain', 'thesmileofthefox', 'thechristmaschroniclesparttwo', 'catchmeifyoucan', 'theinseparables', 'zacksnydersjusticeleague', 'anyonebutyou', 'zuzubalndiaofilme', 'tangled', 'transformersageofextinction', 'haroldandthepurplecrayon', 'mayhem', 'privateschool', 'underparis', 'theloft', 'outside', 'thelordoftheringsthetwotowers', 'scream', 'piratesofthecaribbeandeadmanschest', 'abigail', 'nationallampoonschristmasvacation', 'playingwithlove', 'bigcitygreensthemoviespacecation', 'thematrix', 'lift', 'aminecraftmovie', 'bustygirlfriend', 'trouble', 'thewolfofwallstreet', 'coraline', 'aliens', 'creediii', 'corpsebride', 'findingnemo', 'spidermanhomecoming', 'kill', 'rita', 'parasite', 'anna', 'wish', 'thechristmaschronicles', 'jonipatadeconejo', 'hacksawridge', 'diehard', 'reuniongoalsthebeginning', 'johnwickchapter3parabellum', 'twasthetextbeforechristmas', 'meangirls', 'blitz', 'americansniper', 'drawingcloser', 'thevoyeur', 'suspicion', 'thetunneltosummertheexitofgoodbyes', 'defyinggravitythecurtainrisesonwicked', 'johnwickchapter2', 'ratatouille', 'piratesofthecaribbeanonstrangertides', 'spiderman3', 'queenofhearts', 'creedii', 'achristmascarol', 'theunion', 'after', '10daysofacuriousman', 'readyplayerone', 'taken', 'trap', 'starwars', 'guardiansofthegalaxyvol3', 'aftereverything', 'dungeonsdragonshonoramongthieves', 'virgo', 'themarvels', 'jaws', 'chappie', 'nowayup', 'latenightwiththedevil', 'transformersthelastknight', 'thelittlemermaid', 'granturismo', 'throughmywindow', 'leggingsmania', 'flymetothemoon', 'theemptyman', 'blinktwice', 'hiddenface', '1992', 'anidealfather', 'meangirls', 'womanofthehour', 'andmrs', 'thegodfatherpartii', 'alienoid', 'blackpantherwakandaforever', 'poorthings', 'thefallguy', 'infinite', 'theequalizer2', 'spirited', 'privatecall', 'zootopia', 'killingromance', 'bloodfordust', 'justiceleaguecrisisoninfiniteearthspartthree', 'monkeyman']
2024-12-12 13:30:28,037 INFO: Reddit stream listener is initialized
2024-12-12 13:30:28,038 INFO: Starting the Reddit stream
2024-12-12 13:30:29,202 INFO: Number of posts streamed since the start: 0
2024-12-12 13:30:29,212 ERROR: UNIQUE constraint failed: reddit_posts.id_str
2024-12-12 13:30:29,212 ERROR: Post 1hbydfk could not be inserted into the table
2024-12-12 13:30:29,231 ERROR: UNIQUE constraint failed: reddit_posts.id_str
2024-12-12 13:30:29,231 ERROR: Post 1hbytc1 could not be inserted into the table
2024-12-12 13:30:29,239 ERROR: UNIQUE constraint failed: reddit_posts.id_str
2024-12-12 13:30:29,239 ERROR: Post 1hbz4fn could not be inserted into the table
2024-12-12 13:30:29,254 ERROR: UNIQUE constraint failed: reddit_posts.id_str
2024-12-12 13:30:29,254 ERROR: Post 1hc0958 could not be inserted into the table
2024-12-12 13:30:29,264 ERROR: UNIQUE constraint failed: reddit_posts.id_str
2024-12-12 13:30:29,264 ERROR: Post 1hc0mbd could not be inserted into the table
2024-12-12 13:30:29,282 ERROR: UNIQUE constraint failed: reddit_posts.id_str
2024-12-12 13:30:29,282 ERROR: Post 1hc2hky could not be inserted into the table
2024-12-12 13:30:29,292 ERROR: UNIQUE constraint failed: reddit_posts.id_str
2024-12-12 13:30:29,292 ERROR: Post 1hc3slb could not be inserted into the table
2024-12-12 13:30:29,296 ERROR: UNIQUE constraint failed: reddit_posts.id_str
2024-12-12 13:30:29,296 ERROR: Post 1hc4fso could not be inserted into the table
2024-12-12 13:30:29,316 ERROR: UNIQUE constraint failed: reddit_posts.id_str
2024-12-12 13:30:29,317 ERROR: Post 1hc6w8z could not be inserted into the table
2024-12-12 13:30:29,947 INFO: Reached 100 posts limit, stopping the stream
2024-12-12 13:30:29,948 INFO: The Reddit stream disconnected
2024-12-12 13:31:59,957 INFO: Reddit stream listener is initialized
2024-12-12 13:31:59,957 INFO: Starting the Reddit stream
2024-12-12 13:32:00,909 INFO: Number of posts streamed since the start: 0
2024-12-12 13:32:00,927 ERROR: UNIQUE constraint failed: reddit_posts.id_str
2024-12-12 13:32:00,927 ERROR: Post 1h8bjw1 could not be inserted into the table
2024-12-12 13:32:00,938 ERROR: UNIQUE constraint failed: reddit_posts.id_str
2024-12-12 13:32:00,938 ERROR: Post 1h8hg84 could not be inserted into the table
2024-12-12 13:32:00,953 ERROR: UNIQUE constraint failed: reddit_posts.id_str
2024-12-12 13:32:00,953 ERROR: Post 1h8vfk4 could not be inserted into the table
2024-12-12 13:32:00,954 ERROR: UNIQUE constraint failed: reddit_posts.id_str
2024-12-12 13:32:00,954 ERROR: Post 1h8wu86 could not be inserted into the table
2024-12-12 13:32:00,957 ERROR: UNIQUE constraint failed: reddit_posts.id_str
2024-12-12 13:32:00,957 ERROR: Post 1h8z5dl could not be inserted into the table
2024-12-12 13:32:00,962 ERROR: UNIQUE constraint failed: reddit_posts.id_str
2024-12-12 13:32:00,962 ERROR: Post 1h9ca7z could not be inserted into the table
2024-12-12 13:32:00,967 ERROR: UNIQUE constraint failed: reddit_posts.id_str
2024-12-12 13:32:00,967 ERROR: Post 1h9odwe could not be inserted into the table
2024-12-12 13:32:00,971 ERROR: UNIQUE constraint failed: reddit_posts.id_str
2024-12-12 13:32:00,971 ERROR: Post 1h9ss6w could not be inserted into the table
2024-12-12 13:32:00,981 ERROR: UNIQUE constraint failed: reddit_posts.id_str
2024-12-12 13:32:00,982 ERROR: Post 1ha3k3s could not be inserted into the table
2024-12-12 13:32:01,012 ERROR: UNIQUE constraint failed: reddit_posts.id_str
2024-12-12 13:32:01,012 ERROR: Post 1haodpn could not be inserted into the table
2024-12-12 13:32:01,033 ERROR: UNIQUE constraint failed: reddit_posts.id_str
2024-12-12 13:32:01,034 ERROR: Post 1hbeadm could not be inserted into the table
2024-12-12 13:32:01,054 ERROR: UNIQUE constraint failed: reddit_posts.id_str
2024-12-12 13:32:01,054 ERROR: Post 1hbpzx2 could not be inserted into the table
2024-12-12 13:32:01,056 ERROR: UNIQUE constraint failed: reddit_posts.id_str
2024-12-12 13:32:01,056 ERROR: Post 1hbykcv could not be inserted into the table
2024-12-12 13:32:01,158 INFO: Reached 100 posts limit, stopping the stream
2024-12-12 13:32:01,159 INFO: The Reddit stream disconnected
2024-12-12 13:33:31,194 INFO: Reddit stream listener is initialized
2024-12-12 13:33:31,195 INFO: Starting the Reddit stream
2024-12-12 13:33:32,531 INFO: Number of posts streamed since the start: 0
2024-12-12 13:33:32,546 ERROR: UNIQUE constraint failed: reddit_posts.id_str
2024-12-12 13:33:32,546 ERROR: Post 1h0vxn7 could not be inserted into the table
2024-12-12 13:33:32,550 ERROR: UNIQUE constraint failed: reddit_posts.id_str
2024-12-12 13:33:32,550 ERROR: Post 1h12yvz could not be inserted into the table
2024-12-12 13:33:32,562 ERROR: UNIQUE constraint failed: reddit_posts.id_str
2024-12-12 13:33:32,562 ERROR: Post 1h1khne could not be inserted into the table
2024-12-12 13:33:32,565 ERROR: UNIQUE constraint failed: reddit_posts.id_str
2024-12-12 13:33:32,565 ERROR: Post 1h1st54 could not be inserted into the table
2024-12-12 13:33:32,569 ERROR: UNIQUE constraint failed: reddit_posts.id_str
2024-12-12 13:33:32,569 ERROR: Post 1h1v2au could not be inserted into the table
2024-12-12 13:33:32,577 ERROR: UNIQUE constraint failed: reddit_posts.id_str
2024-12-12 13:33:32,577 ERROR: Post 1h26zxe could not be inserted into the table
2024-12-12 13:33:32,595 ERROR: UNIQUE constraint failed: reddit_posts.id_str
2024-12-12 13:33:32,596 ERROR: Post 1h4gjof could not be inserted into the table
2024-12-12 13:33:32,596 ERROR: UNIQUE constraint failed: reddit_posts.id_str
2024-12-12 13:33:32,596 ERROR: Post 1h4nffo could not be inserted into the table
2024-12-12 13:33:32,603 ERROR: UNIQUE constraint failed: reddit_posts.id_str
2024-12-12 13:33:32,603 ERROR: Post 1h5cr0t could not be inserted into the table
2024-12-12 13:33:32,607 ERROR: UNIQUE constraint failed: reddit_posts.id_str
2024-12-12 13:33:32,607 ERROR: Post 1h693t6 could not be inserted into the table
2024-12-12 13:33:32,610 ERROR: UNIQUE constraint failed: reddit_posts.id_str
2024-12-12 13:33:32,610 ERROR: Post 1h6di2w could not be inserted into the table
2024-12-12 13:33:32,624 ERROR: UNIQUE constraint failed: reddit_posts.id_str
2024-12-12 13:33:32,624 ERROR: Post 1h7na3n could not be inserted into the table
2024-12-12 13:33:32,629 ERROR: UNIQUE constraint failed: reddit_posts.id_str
2024-12-12 13:33:32,629 ERROR: Post 1h84ocb could not be inserted into the table
2024-12-12 13:33:32,642 ERROR: UNIQUE constraint failed: reddit_posts.id_str
2024-12-12 13:33:32,643 ERROR: Post 1h8fmem could not be inserted into the table
2024-12-12 13:33:32,645 ERROR: UNIQUE constraint failed: reddit_posts.id_str
2024-12-12 13:33:32,645 ERROR: Post 1h8xrwd could not be inserted into the table
2024-12-12 13:33:32,651 ERROR: UNIQUE constraint failed: reddit_posts.id_str
2024-12-12 13:33:32,651 ERROR: Post 1h9kl29 could not be inserted into the table
2024-12-12 13:33:32,654 ERROR: UNIQUE constraint failed: reddit_posts.id_str
2024-12-12 13:33:32,654 ERROR: Post 1h9mt3l could not be inserted into the table
2024-12-12 13:33:32,660 ERROR: UNIQUE constraint failed: reddit_posts.id_str
2024-12-12 13:33:32,660 ERROR: Post 1ha00bl could not be inserted into the table
2024-12-12 13:33:32,665 ERROR: UNIQUE constraint failed: reddit_posts.id_str
2024-12-12 13:33:32,665 ERROR: Post 1ha44qq could not be inserted into the table
2024-12-12 13:33:32,677 ERROR: UNIQUE constraint failed: reddit_posts.id_str
2024-12-12 13:33:32,677 ERROR: Post 1hbztnn could not be inserted into the table
2024-12-12 13:33:32,729 INFO: Reached 100 posts limit, stopping the stream
2024-12-12 13:33:32,730 INFO: The Reddit stream disconnected
2024-12-12 13:35:02,796 INFO: Reddit stream listener is initialized
2024-12-12 13:35:02,797 INFO: Starting the Reddit stream
2024-12-12 13:35:04,112 INFO: Number of posts streamed since the start: 0
2024-12-12 13:35:04,147 ERROR: UNIQUE constraint failed: reddit_posts.id_str
2024-12-12 13:35:04,148 ERROR: Post 1ha0a4b could not be inserted into the table
2024-12-12 13:35:04,150 ERROR: UNIQUE constraint failed: reddit_posts.id_str
2024-12-12 13:35:04,150 ERROR: Post 1ha2m2l could not be inserted into the table
2024-12-12 13:35:04,155 ERROR: UNIQUE constraint failed: reddit_posts.id_str
2024-12-12 13:35:04,155 ERROR: Post 1hab488 could not be inserted into the table
2024-12-12 13:35:04,172 ERROR: UNIQUE constraint failed: reddit_posts.id_str
2024-12-12 13:35:04,172 ERROR: Post 1hak3aa could not be inserted into the table
2024-12-12 13:35:04,181 ERROR: UNIQUE constraint failed: reddit_posts.id_str
2024-12-12 13:35:04,181 ERROR: Post 1hal8ns could not be inserted into the table
2024-12-12 13:35:04,213 ERROR: UNIQUE constraint failed: reddit_posts.id_str
2024-12-12 13:35:04,213 ERROR: Post 1hbakn4 could not be inserted into the table
2024-12-12 13:35:04,213 ERROR: UNIQUE constraint failed: reddit_posts.id_str
2024-12-12 13:35:04,213 ERROR: Post 1hbb7at could not be inserted into the table
2024-12-12 13:35:04,230 ERROR: UNIQUE constraint failed: reddit_posts.id_str
2024-12-12 13:35:04,230 ERROR: Post 1hbljd4 could not be inserted into the table
2024-12-12 13:35:04,233 ERROR: UNIQUE constraint failed: reddit_posts.id_str
2024-12-12 13:35:04,233 ERROR: Post 1hblx0n could not be inserted into the table
2024-12-12 13:35:04,243 ERROR: UNIQUE constraint failed: reddit_posts.id_str
2024-12-12 13:35:04,243 ERROR: Post 1hbsfm9 could not be inserted into the table
2024-12-12 13:35:04,250 ERROR: UNIQUE constraint failed: reddit_posts.id_str
2024-12-12 13:35:04,250 ERROR: Post 1hbw5xv could not be inserted into the table
2024-12-12 13:35:04,254 ERROR: UNIQUE constraint failed: reddit_posts.id_str
2024-12-12 13:35:04,254 ERROR: Post 1hc1jw3 could not be inserted into the table
2024-12-12 13:35:04,261 ERROR: UNIQUE constraint failed: reddit_posts.id_str
2024-12-12 13:35:04,261 ERROR: Post 1hc46m5 could not be inserted into the table
2024-12-12 13:35:04,286 INFO: Reached 100 posts limit, stopping the stream
2024-12-12 13:35:04,286 INFO: The Reddit stream disconnected
2024-12-12 13:36:34,366 INFO: Closed the database connection
