2024-12-17 14:24:23,680 INFO: ---------------- Logger started ----------------
2024-12-17 14:24:23,680 INFO: Try to connect to database: /home/clahad/Desktop/school/trending-movies/databases/stream.db
2024-12-17 14:24:23,681 INFO: Connected to the database successfully
2024-12-17 14:24:23,683 INFO: Table reddit_posts has 151 rows
2024-12-17 14:24:23,730 INFO: 397 phrases are defined for tracking tweets
2024-12-17 14:24:23,730 INFO: Track phrases for tweets:
2024-12-17 14:24:23,730 INFO: ['venomthelastdance', 'moana2', 'elevation', 'absolution', 'armor', 'watchmenchapterii', 'sidelinedtheqbandme', 'miraculousworldlondonattheedgeoftime', 'gladiatorii', 'thewildrobot', 'wicked', 'redone', 'kraventhehunter', 'thesubstance', 'smile2', 'terrifier3', 'alienromulus', 'apocalypsezthebeginningoftheend', 'deadpoolwolverine', 'sikandarkamuqaddar', 'sololevelingreawakening', 'thatchristmas', 'levels', 'insideout2', 'transformersone', 'gtmax', 'despicableme4', 'pimpinerobloodandoil', 'arenawars', 'huntingwithtigers', 'mufasathelionking', 'classified', 'spellbound', 'myfault', 'dearsanta', 'juror2', 'arcadian', 'survive', 'wakeup', 'weekendintaipei', 'moana', 'azrael', 'weliveintime', 'venom', 'pdemeloquequieras', 'venomlettherebecarnage', 'subservience', 'thecountofmontecristo', 'dominique', 'japanesemom', 'remnant', 'overlordthesacredkingdom', 'badboysrideordie', 'howthegrinchstolechristmas', 'thecrow', 'cashout', 'sonicthehedgehog3', 'flow', 'thegrinch', 'thesouleater', 'homealone2lostinnewyork', 'togefilmmeimei', 'thelordoftheringsthewaroftherohirrim', 'skinlikesun', 'themoor', 'culpatuya', 'knoxgoesaway', 'whisperofthewitch', 'pushpa2therule', 'avengersinfinitywar', 'shrek', 'thehauntingoftheimmaculatenurse', 'heretic', 'bagman', 'theplatform2', 'mygrandfathersdemons', 'kingdomoftheplanetoftheapes', 'jokerfoliedeux', 'analmostchristmasstory', 'beetlejuicebeetlejuice', 'kungfupanda4', 'furiosaamadmaxsaga', 'singthriller', 'spidermanacrossthespiderverse', 'interstellar', 'harrypotterandthephilosophersstone', 'ourlittlesecret', 'thegarfieldmovie', 'battleforthewesternfront', 'shrek2', 'freedom', 'duneparttwo', 'canaryblack', 'fastx', 'itendswithus', 'lastas', 'gladiator', 'pleasure', 'transformersriseofthebeasts', 'borderlands', 'transmorphersmechbeasts', 'terrifier2', 'emiliaprez', 'nutcrackers', 'dontmove', '365daysthisday', 'conclave', 'spidermannowayhome', 'twisters', 'theflesh', 'myheroacademiayourenext', 'godzillaxkongthenewempire', 'mary', 'migration', 'donotenter', 'spongebobsquarepantskreepawaykamp', 'jackintimeforchristmas', 'projectsilence', 'barbie', 'fiftyshadesofgrey', 'coco', 'theshadowstrays', 'christmasiscancelled', 'thegodfather', 'wonka', 'takecover', 'anonsensechristmaswithsabrinacarpenter', 'johnwickchapter4', 'bluelockthemovieepisodenagi', 'thebadguyshauntedheist', 'leclitoris', 'pussinbootsthelastwish', 'monstersummer', 'thechroniclesofnarniathelionthewitchandthewardrobe', 'paprika', 'thesnowsister', 'harrypotterandthechamberofsecrets', 'elyas', 'hijack1971', 'brothers', 'prey', 'casinoroyale', 'femaleteacherinfrontofthestudents', 'operationblackops', 'apartment7a', 'sonicthehedgehog2', 'neverletgo', 'myoldass', 'thesilenthour', 'aquietplacedayone', '1978', 'harrypotterandtheprisonerofazkaban', 'anora', 'titanic', 'speaknoevil', 'harrypotterandthedeathlyhallowspart2', 'roadhouse', 'oppenheimer', 'thesupermariobrosmovie', 'topgunmaverick', 'dune', 'harrypotterandthegobletoffire', 'theshawshankredemption', 'civilwar', 'dragonkeeper', 'thebeekeeper', 'theministryofungentlemanlywarfare', 'thedarkknight', 'pulpfiction', 'miraculousworldparistalesofshadybugandclawnoir', 'biggestheistever', 'thelordoftheringsthefellowshipofthering', 'se7en', 'savingbikinibottomthesandycheeksmovie', 'thehobbitthebattleofthefivearmies', 'amityvillewheretheecholives', 'fmarrykill', 'harrypotterandthedeathlyhallowspart1', 'theconvert', 'theequalizer', 'winniethepoohbloodandhoney2', 'twilightofthewarriorswalledin', 'wrathofman', 'here', 'porno', 'encanto', 'purposeoftutoring', 'lastnightatterracelanes', 'younghearts', 'descendantstheriseofred', 'alien', 'belowhermouth', 'thekillersgame', 'thehangover', 'krampus', 'longlegs', 'kalikot', 'hellboythecrookedman', 'timecut', 'diabolikwhoareyou', 'thecantervilleghost', 'howtotrainyourdragon2', '10lives', 'thelionking', 'megalopolis', 'smile', 'themazerunner', 'godzillaminusone', 'missionimpossibledeadreckoningpartone', 'thegigolo', 'fury', 'harrypotterandthehalfbloodprince', 'thelionking', 'djangounchained', 'insideout', 'avatarthewayofwater', 'thenext365days', 'harrypotterandtheorderofthephoenix', 'shangchiandthelegendofthetenrings', 'campcrasher', 'strangedarling', 'joker', 'cheeky', 'inception', 'thelordoftheringsthereturnoftheking', 'madameweb', 'frozen', 'killemall2', 'monstersinc', 'gunner', 'moana', 'theideaofyou', 'pacificrim', 'thepolarexpress', 'howtotrainyourdragonthehiddenworld', 'madagascar', 'thebatman', 'moana', 'salome', 'rebelridge', 'letgo', 'wantedman', 'thenightmarebeforechristmas', 'doubleblind', 'fightclub', 'smugglers', 'bangkokbreakingheavenandhell', 'luck', 'spiderman', 'piratesofthecaribbeanthecurseoftheblackpearl', 'avatar', 'bighero6', 'theequalizer3', 'fiftyshadesfreed', 'bosomymom', 'brooklyn45', 'terrifier', 'howtotrainyourdragon', 'redeeminglove', 'benhur', 'despicableme', 'umamusumeprettyderbybeginningofanewera', 'thenurseonamilitarytour', 'meg2thetrench', 'emmanuelle', 'ultramanrising', 'lookback', 'toystory', 'oddity', 'challengers', 'thetomorrowwar', 'meetmenextchristmas', 'theflash', 'expend4bles', 'wolfs', 'taken2', 'bladerunner2049', 'thecreator', 'elemental', 'avengersendgame', 'theavengers', 'houndsofwar', 'carryon', 'bagoflies', 'deadpool', 'yourname', 'christmasonwindmillway', 'mononokethemoviethephantomintherain', 'uprising', 'aquamanandthelostkingdom', 'thechildrenstrain', 'dakaichiimbeingharassedbythesexiestmanoftheyearthemovieinspain', 'thesmileofthefox', 'thechristmaschroniclesparttwo', 'catchmeifyoucan', 'theinseparables', 'zacksnydersjusticeleague', 'anyonebutyou', 'zuzubalndiaofilme', 'tangled', 'transformersageofextinction', 'haroldandthepurplecrayon', 'mayhem', 'privateschool', 'underparis', 'theloft', 'outside', 'thelordoftheringsthetwotowers', 'scream', 'piratesofthecaribbeandeadmanschest', 'abigail', 'nationallampoonschristmasvacation', 'playingwithlove', 'bigcitygreensthemoviespacecation', 'thematrix', 'lift', 'aminecraftmovie', 'bustygirlfriend', 'trouble', 'thewolfofwallstreet', 'coraline', 'aliens', 'creediii', 'corpsebride', 'findingnemo', 'spidermanhomecoming', 'kill', 'rita', 'parasite', 'anna', 'wish', 'thechristmaschronicles', 'jonipatadeconejo', 'hacksawridge', 'diehard', 'reuniongoalsthebeginning', 'johnwickchapter3parabellum', 'twasthetextbeforechristmas', 'meangirls', 'blitz', 'americansniper', 'drawingcloser', 'thevoyeur', 'suspicion', 'thetunneltosummertheexitofgoodbyes', 'defyinggravitythecurtainrisesonwicked', 'johnwickchapter2', 'ratatouille', 'piratesofthecaribbeanonstrangertides', 'spiderman3', 'queenofhearts', 'creedii', 'achristmascarol', 'theunion', 'after', '10daysofacuriousman', 'readyplayerone', 'taken', 'trap', 'starwars', 'guardiansofthegalaxyvol3', 'aftereverything', 'dungeonsdragonshonoramongthieves', 'virgo', 'themarvels', 'jaws', 'chappie', 'nowayup', 'latenightwiththedevil', 'transformersthelastknight', 'thelittlemermaid', 'granturismo', 'throughmywindow', 'leggingsmania', 'flymetothemoon', 'theemptyman', 'blinktwice', 'hiddenface', '1992', 'anidealfather', 'meangirls', 'womanofthehour', 'andmrs', 'thegodfatherpartii', 'alienoid', 'blackpantherwakandaforever', 'poorthings', 'thefallguy', 'infinite', 'theequalizer2', 'spirited', 'privatecall', 'zootopia', 'killingromance', 'bloodfordust', 'justiceleaguecrisisoninfiniteearthspartthree', 'monkeyman']
2024-12-17 14:24:23,730 INFO: Reddit stream listener is initialized
2024-12-17 14:24:23,730 INFO: Starting the Reddit stream
2024-12-17 14:24:32,033 INFO: ---------------- Logger started ----------------
2024-12-17 14:24:32,033 INFO: Try to connect to database: /home/clahad/Desktop/school/trending-movies/databases/stream.db
2024-12-17 14:24:32,033 INFO: Connected to the database successfully
2024-12-17 14:24:32,034 INFO: Table reddit_posts has 151 rows
2024-12-17 14:24:32,038 INFO: 397 phrases are defined for tracking tweets
2024-12-17 14:24:32,038 INFO: Track phrases for tweets:
2024-12-17 14:24:32,038 INFO: ['venomthelastdance', 'moana2', 'elevation', 'absolution', 'armor', 'watchmenchapterii', 'sidelinedtheqbandme', 'miraculousworldlondonattheedgeoftime', 'gladiatorii', 'thewildrobot', 'wicked', 'redone', 'kraventhehunter', 'thesubstance', 'smile2', 'terrifier3', 'alienromulus', 'apocalypsezthebeginningoftheend', 'deadpoolwolverine', 'sikandarkamuqaddar', 'sololevelingreawakening', 'thatchristmas', 'levels', 'insideout2', 'transformersone', 'gtmax', 'despicableme4', 'pimpinerobloodandoil', 'arenawars', 'huntingwithtigers', 'mufasathelionking', 'classified', 'spellbound', 'myfault', 'dearsanta', 'juror2', 'arcadian', 'survive', 'wakeup', 'weekendintaipei', 'moana', 'azrael', 'weliveintime', 'venom', 'pdemeloquequieras', 'venomlettherebecarnage', 'subservience', 'thecountofmontecristo', 'dominique', 'japanesemom', 'remnant', 'overlordthesacredkingdom', 'badboysrideordie', 'howthegrinchstolechristmas', 'thecrow', 'cashout', 'sonicthehedgehog3', 'flow', 'thegrinch', 'thesouleater', 'homealone2lostinnewyork', 'togefilmmeimei', 'thelordoftheringsthewaroftherohirrim', 'skinlikesun', 'themoor', 'culpatuya', 'knoxgoesaway', 'whisperofthewitch', 'pushpa2therule', 'avengersinfinitywar', 'shrek', 'thehauntingoftheimmaculatenurse', 'heretic', 'bagman', 'theplatform2', 'mygrandfathersdemons', 'kingdomoftheplanetoftheapes', 'jokerfoliedeux', 'analmostchristmasstory', 'beetlejuicebeetlejuice', 'kungfupanda4', 'furiosaamadmaxsaga', 'singthriller', 'spidermanacrossthespiderverse', 'interstellar', 'harrypotterandthephilosophersstone', 'ourlittlesecret', 'thegarfieldmovie', 'battleforthewesternfront', 'shrek2', 'freedom', 'duneparttwo', 'canaryblack', 'fastx', 'itendswithus', 'lastas', 'gladiator', 'pleasure', 'transformersriseofthebeasts', 'borderlands', 'transmorphersmechbeasts', 'terrifier2', 'emiliaprez', 'nutcrackers', 'dontmove', '365daysthisday', 'conclave', 'spidermannowayhome', 'twisters', 'theflesh', 'myheroacademiayourenext', 'godzillaxkongthenewempire', 'mary', 'migration', 'donotenter', 'spongebobsquarepantskreepawaykamp', 'jackintimeforchristmas', 'projectsilence', 'barbie', 'fiftyshadesofgrey', 'coco', 'theshadowstrays', 'christmasiscancelled', 'thegodfather', 'wonka', 'takecover', 'anonsensechristmaswithsabrinacarpenter', 'johnwickchapter4', 'bluelockthemovieepisodenagi', 'thebadguyshauntedheist', 'leclitoris', 'pussinbootsthelastwish', 'monstersummer', 'thechroniclesofnarniathelionthewitchandthewardrobe', 'paprika', 'thesnowsister', 'harrypotterandthechamberofsecrets', 'elyas', 'hijack1971', 'brothers', 'prey', 'casinoroyale', 'femaleteacherinfrontofthestudents', 'operationblackops', 'apartment7a', 'sonicthehedgehog2', 'neverletgo', 'myoldass', 'thesilenthour', 'aquietplacedayone', '1978', 'harrypotterandtheprisonerofazkaban', 'anora', 'titanic', 'speaknoevil', 'harrypotterandthedeathlyhallowspart2', 'roadhouse', 'oppenheimer', 'thesupermariobrosmovie', 'topgunmaverick', 'dune', 'harrypotterandthegobletoffire', 'theshawshankredemption', 'civilwar', 'dragonkeeper', 'thebeekeeper', 'theministryofungentlemanlywarfare', 'thedarkknight', 'pulpfiction', 'miraculousworldparistalesofshadybugandclawnoir', 'biggestheistever', 'thelordoftheringsthefellowshipofthering', 'se7en', 'savingbikinibottomthesandycheeksmovie', 'thehobbitthebattleofthefivearmies', 'amityvillewheretheecholives', 'fmarrykill', 'harrypotterandthedeathlyhallowspart1', 'theconvert', 'theequalizer', 'winniethepoohbloodandhoney2', 'twilightofthewarriorswalledin', 'wrathofman', 'here', 'porno', 'encanto', 'purposeoftutoring', 'lastnightatterracelanes', 'younghearts', 'descendantstheriseofred', 'alien', 'belowhermouth', 'thekillersgame', 'thehangover', 'krampus', 'longlegs', 'kalikot', 'hellboythecrookedman', 'timecut', 'diabolikwhoareyou', 'thecantervilleghost', 'howtotrainyourdragon2', '10lives', 'thelionking', 'megalopolis', 'smile', 'themazerunner', 'godzillaminusone', 'missionimpossibledeadreckoningpartone', 'thegigolo', 'fury', 'harrypotterandthehalfbloodprince', 'thelionking', 'djangounchained', 'insideout', 'avatarthewayofwater', 'thenext365days', 'harrypotterandtheorderofthephoenix', 'shangchiandthelegendofthetenrings', 'campcrasher', 'strangedarling', 'joker', 'cheeky', 'inception', 'thelordoftheringsthereturnoftheking', 'madameweb', 'frozen', 'killemall2', 'monstersinc', 'gunner', 'moana', 'theideaofyou', 'pacificrim', 'thepolarexpress', 'howtotrainyourdragonthehiddenworld', 'madagascar', 'thebatman', 'moana', 'salome', 'rebelridge', 'letgo', 'wantedman', 'thenightmarebeforechristmas', 'doubleblind', 'fightclub', 'smugglers', 'bangkokbreakingheavenandhell', 'luck', 'spiderman', 'piratesofthecaribbeanthecurseoftheblackpearl', 'avatar', 'bighero6', 'theequalizer3', 'fiftyshadesfreed', 'bosomymom', 'brooklyn45', 'terrifier', 'howtotrainyourdragon', 'redeeminglove', 'benhur', 'despicableme', 'umamusumeprettyderbybeginningofanewera', 'thenurseonamilitarytour', 'meg2thetrench', 'emmanuelle', 'ultramanrising', 'lookback', 'toystory', 'oddity', 'challengers', 'thetomorrowwar', 'meetmenextchristmas', 'theflash', 'expend4bles', 'wolfs', 'taken2', 'bladerunner2049', 'thecreator', 'elemental', 'avengersendgame', 'theavengers', 'houndsofwar', 'carryon', 'bagoflies', 'deadpool', 'yourname', 'christmasonwindmillway', 'mononokethemoviethephantomintherain', 'uprising', 'aquamanandthelostkingdom', 'thechildrenstrain', 'dakaichiimbeingharassedbythesexiestmanoftheyearthemovieinspain', 'thesmileofthefox', 'thechristmaschroniclesparttwo', 'catchmeifyoucan', 'theinseparables', 'zacksnydersjusticeleague', 'anyonebutyou', 'zuzubalndiaofilme', 'tangled', 'transformersageofextinction', 'haroldandthepurplecrayon', 'mayhem', 'privateschool', 'underparis', 'theloft', 'outside', 'thelordoftheringsthetwotowers', 'scream', 'piratesofthecaribbeandeadmanschest', 'abigail', 'nationallampoonschristmasvacation', 'playingwithlove', 'bigcitygreensthemoviespacecation', 'thematrix', 'lift', 'aminecraftmovie', 'bustygirlfriend', 'trouble', 'thewolfofwallstreet', 'coraline', 'aliens', 'creediii', 'corpsebride', 'findingnemo', 'spidermanhomecoming', 'kill', 'rita', 'parasite', 'anna', 'wish', 'thechristmaschronicles', 'jonipatadeconejo', 'hacksawridge', 'diehard', 'reuniongoalsthebeginning', 'johnwickchapter3parabellum', 'twasthetextbeforechristmas', 'meangirls', 'blitz', 'americansniper', 'drawingcloser', 'thevoyeur', 'suspicion', 'thetunneltosummertheexitofgoodbyes', 'defyinggravitythecurtainrisesonwicked', 'johnwickchapter2', 'ratatouille', 'piratesofthecaribbeanonstrangertides', 'spiderman3', 'queenofhearts', 'creedii', 'achristmascarol', 'theunion', 'after', '10daysofacuriousman', 'readyplayerone', 'taken', 'trap', 'starwars', 'guardiansofthegalaxyvol3', 'aftereverything', 'dungeonsdragonshonoramongthieves', 'virgo', 'themarvels', 'jaws', 'chappie', 'nowayup', 'latenightwiththedevil', 'transformersthelastknight', 'thelittlemermaid', 'granturismo', 'throughmywindow', 'leggingsmania', 'flymetothemoon', 'theemptyman', 'blinktwice', 'hiddenface', '1992', 'anidealfather', 'meangirls', 'womanofthehour', 'andmrs', 'thegodfatherpartii', 'alienoid', 'blackpantherwakandaforever', 'poorthings', 'thefallguy', 'infinite', 'theequalizer2', 'spirited', 'privatecall', 'zootopia', 'killingromance', 'bloodfordust', 'justiceleaguecrisisoninfiniteearthspartthree', 'monkeyman']
2024-12-17 14:24:32,038 INFO: Reddit stream listener is initialized
2024-12-17 14:24:32,038 INFO: Starting the Reddit stream
2024-12-17 14:24:32,982 INFO: Number of posts streamed since the start: 0
2024-12-17 14:24:34,111 INFO: Reached 100 posts limit, stopping the stream
2024-12-17 14:24:34,112 INFO: The Reddit stream disconnected
2024-12-17 14:26:04,165 INFO: Reddit stream listener is initialized
2024-12-17 14:26:04,165 INFO: Starting the Reddit stream
2024-12-17 14:26:05,142 INFO: Number of posts streamed since the start: 0
2024-12-17 14:26:05,155 ERROR: UNIQUE constraint failed: reddit_posts.id_str
2024-12-17 14:26:05,155 ERROR: Post 1hdxcj7 could not be inserted into the table
2024-12-17 14:26:05,160 ERROR: UNIQUE constraint failed: reddit_posts.id_str
2024-12-17 14:26:05,161 ERROR: Post 1hdywba could not be inserted into the table
2024-12-17 14:26:05,182 ERROR: UNIQUE constraint failed: reddit_posts.id_str
2024-12-17 14:26:05,182 ERROR: Post 1hed71w could not be inserted into the table
2024-12-17 14:26:05,189 ERROR: UNIQUE constraint failed: reddit_posts.id_str
2024-12-17 14:26:05,189 ERROR: Post 1heetcx could not be inserted into the table
2024-12-17 14:26:05,190 ERROR: UNIQUE constraint failed: reddit_posts.id_str
2024-12-17 14:26:05,190 ERROR: Post 1heewrz could not be inserted into the table
2024-12-17 14:26:05,195 ERROR: UNIQUE constraint failed: reddit_posts.id_str
2024-12-17 14:26:05,195 ERROR: Post 1heihei could not be inserted into the table
2024-12-17 14:26:05,202 ERROR: UNIQUE constraint failed: reddit_posts.id_str
2024-12-17 14:26:05,202 ERROR: Post 1hel5bu could not be inserted into the table
2024-12-17 14:26:05,214 ERROR: UNIQUE constraint failed: reddit_posts.id_str
2024-12-17 14:26:05,214 ERROR: Post 1hes5md could not be inserted into the table
2024-12-17 14:26:05,227 ERROR: UNIQUE constraint failed: reddit_posts.id_str
2024-12-17 14:26:05,227 ERROR: Post 1heyja8 could not be inserted into the table
2024-12-17 14:26:05,857 INFO: Reached 100 posts limit, stopping the stream
2024-12-17 14:26:05,858 INFO: The Reddit stream disconnected
2024-12-17 14:27:35,948 INFO: Reddit stream listener is initialized
2024-12-17 14:27:35,949 INFO: Starting the Reddit stream
2024-12-17 14:27:36,956 INFO: Number of posts streamed since the start: 0
2024-12-17 14:27:36,963 ERROR: UNIQUE constraint failed: reddit_posts.id_str
2024-12-17 14:27:36,963 ERROR: Post 1h4gjof could not be inserted into the table
2024-12-17 14:27:36,965 ERROR: UNIQUE constraint failed: reddit_posts.id_str
2024-12-17 14:27:36,965 ERROR: Post 1h4nffo could not be inserted into the table
2024-12-17 14:27:36,980 ERROR: UNIQUE constraint failed: reddit_posts.id_str
2024-12-17 14:27:36,981 ERROR: Post 1h5cr0t could not be inserted into the table
2024-12-17 14:27:36,990 ERROR: UNIQUE constraint failed: reddit_posts.id_str
2024-12-17 14:27:36,990 ERROR: Post 1h693t6 could not be inserted into the table
2024-12-17 14:27:36,995 ERROR: UNIQUE constraint failed: reddit_posts.id_str
2024-12-17 14:27:36,995 ERROR: Post 1h6di2w could not be inserted into the table
2024-12-17 14:27:37,015 ERROR: UNIQUE constraint failed: reddit_posts.id_str
2024-12-17 14:27:37,015 ERROR: Post 1h7na3n could not be inserted into the table
2024-12-17 14:27:37,022 ERROR: UNIQUE constraint failed: reddit_posts.id_str
2024-12-17 14:27:37,022 ERROR: Post 1h84ocb could not be inserted into the table
2024-12-17 14:27:37,039 ERROR: UNIQUE constraint failed: reddit_posts.id_str
2024-12-17 14:27:37,039 ERROR: Post 1h8fmem could not be inserted into the table
2024-12-17 14:27:37,043 ERROR: UNIQUE constraint failed: reddit_posts.id_str
2024-12-17 14:27:37,043 ERROR: Post 1h8xrwd could not be inserted into the table
2024-12-17 14:27:37,051 ERROR: UNIQUE constraint failed: reddit_posts.id_str
2024-12-17 14:27:37,051 ERROR: Post 1h9kl29 could not be inserted into the table
2024-12-17 14:27:37,058 ERROR: UNIQUE constraint failed: reddit_posts.id_str
2024-12-17 14:27:37,058 ERROR: Post 1h9mt3l could not be inserted into the table
2024-12-17 14:27:37,069 ERROR: UNIQUE constraint failed: reddit_posts.id_str
2024-12-17 14:27:37,069 ERROR: Post 1ha00bl could not be inserted into the table
2024-12-17 14:27:37,080 ERROR: UNIQUE constraint failed: reddit_posts.id_str
2024-12-17 14:27:37,080 ERROR: Post 1ha44qq could not be inserted into the table
2024-12-17 14:27:37,097 ERROR: UNIQUE constraint failed: reddit_posts.id_str
2024-12-17 14:27:37,097 ERROR: Post 1hbztnn could not be inserted into the table
2024-12-17 14:27:37,108 ERROR: UNIQUE constraint failed: reddit_posts.id_str
2024-12-17 14:27:37,108 ERROR: Post 1hcphno could not be inserted into the table
2024-12-17 14:27:37,124 ERROR: UNIQUE constraint failed: reddit_posts.id_str
2024-12-17 14:27:37,124 ERROR: Post 1hdpm62 could not be inserted into the table
2024-12-17 14:27:37,130 ERROR: UNIQUE constraint failed: reddit_posts.id_str
2024-12-17 14:27:37,130 ERROR: Post 1heavwx could not be inserted into the table
2024-12-17 14:27:37,133 ERROR: UNIQUE constraint failed: reddit_posts.id_str
2024-12-17 14:27:37,133 ERROR: Post 1henup7 could not be inserted into the table
2024-12-17 14:27:37,137 ERROR: UNIQUE constraint failed: reddit_posts.id_str
2024-12-17 14:27:37,137 ERROR: Post 1heq3za could not be inserted into the table
2024-12-17 14:27:37,649 INFO: Reached 100 posts limit, stopping the stream
2024-12-17 14:27:37,650 INFO: The Reddit stream disconnected
2024-12-17 14:29:07,740 INFO: Reddit stream listener is initialized
2024-12-17 14:29:07,741 INFO: Starting the Reddit stream
2024-12-17 14:29:08,846 INFO: Number of posts streamed since the start: 0
2024-12-17 14:29:08,900 ERROR: UNIQUE constraint failed: reddit_posts.id_str
2024-12-17 14:29:08,900 ERROR: Post 1hebwz1 could not be inserted into the table
2024-12-17 14:29:09,370 INFO: Reached 100 posts limit, stopping the stream
2024-12-17 14:29:09,370 INFO: The Reddit stream disconnected
2024-12-17 14:30:39,454 INFO: Reddit stream listener is initialized
2024-12-17 14:30:39,454 INFO: Starting the Reddit stream
2024-12-17 14:30:40,619 INFO: Number of posts streamed since the start: 0
2024-12-17 14:30:41,880 INFO: Reached 100 posts limit, stopping the stream
2024-12-17 14:30:41,881 INFO: The Reddit stream disconnected
2024-12-17 14:32:11,972 INFO: Closed the database connection
